<?xml version="1.0" encoding="UTF-8"?>
<testng-results skipped="0" failed="0" ignored="0" total="0" passed="0">
  <reporter-output>
  </reporter-output>
  <suite name="Command line suite" duration-ms="60" started-at="2021-11-12T18:32:25 BRST" finished-at="2021-11-12T18:32:25 BRST">
    <groups>
    </groups>
    <test name="Command line test" duration-ms="60" started-at="2021-11-12T18:32:25 BRST" finished-at="2021-11-12T18:32:25 BRST">
    </test> <!-- Command line test -->
  </suite> <!-- Command line suite -->
</testng-results>
